{"/Users/gwennlinski/Documents/Dev/Aston/apiCN/apiGateway/src/app.js":{"path":"/Users/gwennlinski/Documents/Dev/Aston/apiCN/apiGateway/src/app.js","s":{"1":1,"2":1,"3":1,"4":1,"5":1,"6":1,"7":1,"8":1,"9":1,"10":1,"11":1,"12":1,"13":1,"14":0,"15":1,"16":1,"17":1},"b":{},"f":{},"fnMap":{},"statementMap":{"1":{"start":{"line":1,"column":0},"end":{"line":1,"column":33}},"2":{"start":{"line":2,"column":0},"end":{"line":2,"column":27}},"3":{"start":{"line":3,"column":0},"end":{"line":3,"column":44}},"4":{"start":{"line":4,"column":0},"end":{"line":4,"column":31}},"5":{"start":{"line":5,"column":0},"end":{"line":5,"column":48}},"6":{"start":{"line":6,"column":0},"end":{"line":6,"column":27}},"7":{"start":{"line":8,"column":0},"end":{"line":8,"column":20}},"8":{"start":{"line":10,"column":0},"end":{"line":10,"column":23}},"9":{"start":{"line":11,"column":0},"end":{"line":11,"column":24}},"10":{"start":{"line":12,"column":0},"end":{"line":12,"column":49}},"11":{"start":{"line":13,"column":0},"end":{"line":13,"column":24}},"12":{"start":{"line":14,"column":0},"end":{"line":14,"column":56}},"13":{"start":{"line":18,"column":0},"end":{"line":20,"column":3}},"14":{"start":{"line":19,"column":4},"end":{"line":19,"column":23}},"15":{"start":{"line":21,"column":0},"end":{"line":21,"column":32}},"16":{"start":{"line":22,"column":0},"end":{"line":22,"column":6}},"17":{"start":{"line":25,"column":0},"end":{"line":25,"column":21}}},"branchMap":{}},"/Users/gwennlinski/Documents/Dev/Aston/apiCN/apiGateway/src/services/serviceRegister.js":{"path":"/Users/gwennlinski/Documents/Dev/Aston/apiCN/apiGateway/src/services/serviceRegister.js","s":{"1":1,"2":1,"3":1,"4":1,"5":1},"b":{},"f":{"1":1},"fnMap":{"1":{"name":"register","line":4,"loc":{"start":{"line":4,"column":0},"end":{"line":4,"column":20}}}},"statementMap":{"1":{"start":{"line":1,"column":0},"end":{"line":1,"column":29}},"2":{"start":{"line":2,"column":0},"end":{"line":2,"column":50}},"3":{"start":{"line":4,"column":0},"end":{"line":8,"column":1}},"4":{"start":{"line":5,"column":4},"end":{"line":7,"column":5}},"5":{"start":{"line":10,"column":0},"end":{"line":10,"column":26}}},"branchMap":{}},"/Users/gwennlinski/Documents/Dev/Aston/apiCN/apiGateway/src/routes/router.js":{"path":"/Users/gwennlinski/Documents/Dev/Aston/apiCN/apiGateway/src/routes/router.js","s":{"1":1,"2":1,"3":1,"4":1,"5":1,"6":1,"7":4,"8":4,"9":0,"10":0,"11":0,"12":0,"13":0,"14":0,"15":0,"16":0,"17":0,"18":0,"19":0,"20":0,"21":0,"22":0,"23":0,"24":0,"25":0,"26":4,"27":4,"28":4,"29":0,"30":0,"31":0,"32":0,"33":0,"34":0,"35":0,"36":0,"37":0,"38":4,"39":0,"40":0,"41":0,"42":0,"43":0,"44":0,"45":0,"46":0,"47":0,"48":4,"49":0,"50":0,"51":0,"52":0,"53":0,"54":0,"55":0,"56":0,"57":0,"58":0,"59":4,"60":0,"61":0,"62":0,"63":0,"64":0,"65":0,"66":0,"67":0,"68":0,"69":4,"70":0,"71":0,"72":0,"73":0,"74":0,"75":0,"76":0,"77":0,"78":0},"b":{"1":[4,0],"2":[0,0],"3":[0,0],"4":[0,0],"5":[0,0],"6":[0,0],"7":[0,0],"8":[0,0],"9":[0,0],"10":[0,0],"11":[0,0],"12":[0,0],"13":[0,0],"14":[0,0],"15":[0,0]},"f":{"1":1},"fnMap":{"1":{"name":"(anonymous_1)","line":6,"loc":{"start":{"line":6,"column":17},"end":{"line":6,"column":32}}}},"statementMap":{"1":{"start":{"line":1,"column":0},"end":{"line":1,"column":37}},"2":{"start":{"line":2,"column":0},"end":{"line":2,"column":35}},"3":{"start":{"line":3,"column":0},"end":{"line":3,"column":41}},"4":{"start":{"line":4,"column":0},"end":{"line":4,"column":26}},"5":{"start":{"line":6,"column":0},"end":{"line":134,"column":2}},"6":{"start":{"line":7,"column":4},"end":{"line":133,"column":5}},"7":{"start":{"line":8,"column":8},"end":{"line":132,"column":9}},"8":{"start":{"line":9,"column":12},"end":{"line":43,"column":14}},"9":{"start":{"line":10,"column":16},"end":{"line":10,"column":59}},"10":{"start":{"line":11,"column":16},"end":{"line":11,"column":33}},"11":{"start":{"line":12,"column":16},"end":{"line":12,"column":52}},"12":{"start":{"line":13,"column":16},"end":{"line":18,"column":19}},"13":{"start":{"line":14,"column":20},"end":{"line":17,"column":21}},"14":{"start":{"line":15,"column":24},"end":{"line":15,"column":55}},"15":{"start":{"line":16,"column":24},"end":{"line":16,"column":49}},"16":{"start":{"line":19,"column":16},"end":{"line":19,"column":26}},"17":{"start":{"line":20,"column":16},"end":{"line":35,"column":17}},"18":{"start":{"line":21,"column":20},"end":{"line":29,"column":21}},"19":{"start":{"line":22,"column":24},"end":{"line":24,"column":25}},"20":{"start":{"line":26,"column":24},"end":{"line":28,"column":25}},"21":{"start":{"line":32,"column":20},"end":{"line":34,"column":21}},"22":{"start":{"line":36,"column":16},"end":{"line":42,"column":22}},"23":{"start":{"line":37,"column":20},"end":{"line":37,"column":40}},"24":{"start":{"line":40,"column":24},"end":{"line":40,"column":56}},"25":{"start":{"line":41,"column":24},"end":{"line":41,"column":70}},"26":{"start":{"line":44,"column":12},"end":{"line":44,"column":52}},"27":{"start":{"line":45,"column":12},"end":{"line":45,"column":71}},"28":{"start":{"line":46,"column":12},"end":{"line":60,"column":14}},"29":{"start":{"line":47,"column":16},"end":{"line":47,"column":33}},"30":{"start":{"line":48,"column":16},"end":{"line":48,"column":52}},"31":{"start":{"line":49,"column":16},"end":{"line":54,"column":19}},"32":{"start":{"line":50,"column":20},"end":{"line":53,"column":21}},"33":{"start":{"line":51,"column":24},"end":{"line":51,"column":55}},"34":{"start":{"line":52,"column":24},"end":{"line":52,"column":49}},"35":{"start":{"line":55,"column":16},"end":{"line":59,"column":52}},"36":{"start":{"line":58,"column":20},"end":{"line":58,"column":40}},"37":{"start":{"line":59,"column":33},"end":{"line":59,"column":51}},"38":{"start":{"line":61,"column":12},"end":{"line":79,"column":15}},"39":{"start":{"line":62,"column":16},"end":{"line":62,"column":33}},"40":{"start":{"line":63,"column":16},"end":{"line":63,"column":52}},"41":{"start":{"line":64,"column":16},"end":{"line":69,"column":19}},"42":{"start":{"line":65,"column":20},"end":{"line":68,"column":21}},"43":{"start":{"line":66,"column":24},"end":{"line":66,"column":55}},"44":{"start":{"line":67,"column":24},"end":{"line":67,"column":49}},"45":{"start":{"line":70,"column":16},"end":{"line":78,"column":22}},"46":{"start":{"line":74,"column":24},"end":{"line":74,"column":44}},"47":{"start":{"line":77,"column":24},"end":{"line":77,"column":70}},"48":{"start":{"line":80,"column":12},"end":{"line":97,"column":15}},"49":{"start":{"line":81,"column":16},"end":{"line":81,"column":46}},"50":{"start":{"line":82,"column":16},"end":{"line":82,"column":33}},"51":{"start":{"line":83,"column":16},"end":{"line":83,"column":52}},"52":{"start":{"line":84,"column":16},"end":{"line":89,"column":19}},"53":{"start":{"line":85,"column":20},"end":{"line":88,"column":21}},"54":{"start":{"line":86,"column":24},"end":{"line":86,"column":55}},"55":{"start":{"line":87,"column":24},"end":{"line":87,"column":49}},"56":{"start":{"line":90,"column":16},"end":{"line":96,"column":55}},"57":{"start":{"line":94,"column":24},"end":{"line":94,"column":44}},"58":{"start":{"line":96,"column":36},"end":{"line":96,"column":54}},"59":{"start":{"line":98,"column":12},"end":{"line":114,"column":15}},"60":{"start":{"line":99,"column":16},"end":{"line":99,"column":33}},"61":{"start":{"line":100,"column":16},"end":{"line":100,"column":52}},"62":{"start":{"line":101,"column":16},"end":{"line":106,"column":19}},"63":{"start":{"line":102,"column":20},"end":{"line":105,"column":21}},"64":{"start":{"line":103,"column":24},"end":{"line":103,"column":55}},"65":{"start":{"line":104,"column":24},"end":{"line":104,"column":49}},"66":{"start":{"line":107,"column":16},"end":{"line":113,"column":55}},"67":{"start":{"line":111,"column":24},"end":{"line":111,"column":44}},"68":{"start":{"line":113,"column":36},"end":{"line":113,"column":54}},"69":{"start":{"line":115,"column":12},"end":{"line":131,"column":15}},"70":{"start":{"line":116,"column":16},"end":{"line":116,"column":33}},"71":{"start":{"line":117,"column":16},"end":{"line":117,"column":52}},"72":{"start":{"line":118,"column":16},"end":{"line":123,"column":19}},"73":{"start":{"line":119,"column":20},"end":{"line":122,"column":21}},"74":{"start":{"line":120,"column":24},"end":{"line":120,"column":55}},"75":{"start":{"line":121,"column":24},"end":{"line":121,"column":49}},"76":{"start":{"line":124,"column":16},"end":{"line":130,"column":55}},"77":{"start":{"line":128,"column":24},"end":{"line":128,"column":44}},"78":{"start":{"line":130,"column":36},"end":{"line":130,"column":54}}},"branchMap":{"1":{"line":8,"type":"if","locations":[{"start":{"line":8,"column":8},"end":{"line":8,"column":8}},{"start":{"line":8,"column":8},"end":{"line":8,"column":8}}]},"2":{"line":14,"type":"if","locations":[{"start":{"line":14,"column":20},"end":{"line":14,"column":20}},{"start":{"line":14,"column":20},"end":{"line":14,"column":20}}]},"3":{"line":14,"type":"binary-expr","locations":[{"start":{"line":14,"column":24},"end":{"line":14,"column":50}},{"start":{"line":14,"column":54},"end":{"line":14,"column":73}}]},"4":{"line":20,"type":"if","locations":[{"start":{"line":20,"column":16},"end":{"line":20,"column":16}},{"start":{"line":20,"column":16},"end":{"line":20,"column":16}}]},"5":{"line":21,"type":"if","locations":[{"start":{"line":21,"column":20},"end":{"line":21,"column":20}},{"start":{"line":21,"column":20},"end":{"line":21,"column":20}}]},"6":{"line":50,"type":"if","locations":[{"start":{"line":50,"column":20},"end":{"line":50,"column":20}},{"start":{"line":50,"column":20},"end":{"line":50,"column":20}}]},"7":{"line":50,"type":"binary-expr","locations":[{"start":{"line":50,"column":24},"end":{"line":50,"column":50}},{"start":{"line":50,"column":54},"end":{"line":50,"column":73}}]},"8":{"line":65,"type":"if","locations":[{"start":{"line":65,"column":20},"end":{"line":65,"column":20}},{"start":{"line":65,"column":20},"end":{"line":65,"column":20}}]},"9":{"line":65,"type":"binary-expr","locations":[{"start":{"line":65,"column":24},"end":{"line":65,"column":50}},{"start":{"line":65,"column":54},"end":{"line":65,"column":73}}]},"10":{"line":85,"type":"if","locations":[{"start":{"line":85,"column":20},"end":{"line":85,"column":20}},{"start":{"line":85,"column":20},"end":{"line":85,"column":20}}]},"11":{"line":85,"type":"binary-expr","locations":[{"start":{"line":85,"column":24},"end":{"line":85,"column":50}},{"start":{"line":85,"column":54},"end":{"line":85,"column":73}}]},"12":{"line":102,"type":"if","locations":[{"start":{"line":102,"column":20},"end":{"line":102,"column":20}},{"start":{"line":102,"column":20},"end":{"line":102,"column":20}}]},"13":{"line":102,"type":"binary-expr","locations":[{"start":{"line":102,"column":24},"end":{"line":102,"column":50}},{"start":{"line":102,"column":54},"end":{"line":102,"column":73}}]},"14":{"line":119,"type":"if","locations":[{"start":{"line":119,"column":20},"end":{"line":119,"column":20}},{"start":{"line":119,"column":20},"end":{"line":119,"column":20}}]},"15":{"line":119,"type":"binary-expr","locations":[{"start":{"line":119,"column":24},"end":{"line":119,"column":50}},{"start":{"line":119,"column":54},"end":{"line":119,"column":73}}]}}}}